{"/Users/samirs1/SamirS/Projects/SessionDemo/UnitTesting-22-06-23/Demo/src/App.tsx": {"path":"/Users/samirs1/SamirS/Projects/SessionDemo/UnitTesting-22-06-23/Demo/src/App.tsx","statementMap":{"0":{"start":{"line":8,"column":18},"end":{"line":12,"column":1}},"1":{"start":{"line":15,"column":2},"end":{"line":22,"column":4}},"2":{"start":{"line":25,"column":15},"end":{"line":29,"column":2}}},"fnMap":{"0":{"name":"App","decl":{"start":{"line":14,"column":9},"end":{"line":14,"column":12}},"loc":{"start":{"line":14,"column":28},"end":{"line":23,"column":1}},"line":14}},"branchMap":{},"s":{"0":1,"1":1,"2":1},"f":{"0":1},"b":{},"_coverageSchema":"1a1c01bbd47fc00a2c39e90264f33305004495a9","hash":"8ace4d816ee4723a7405f9985ff2fc235eb63e7b"}
,"/Users/samirs1/SamirS/Projects/SessionDemo/UnitTesting-22-06-23/Demo/src/comp/Text/index.tsx": {"path":"/Users/samirs1/SamirS/Projects/SessionDemo/UnitTesting-22-06-23/Demo/src/comp/Text/index.tsx","statementMap":{"0":{"start":{"line":9,"column":34},"end":{"line":11,"column":1}},"1":{"start":{"line":10,"column":2},"end":{"line":10,"column":63}},"2":{"start":{"line":13,"column":32},"end":{"line":16,"column":1}}},"fnMap":{"0":{"name":"(anonymous_0)","decl":{"start":{"line":9,"column":34},"end":{"line":9,"column":35}},"loc":{"start":{"line":9,"column":63},"end":{"line":11,"column":1}},"line":9}},"branchMap":{"0":{"loc":{"start":{"line":9,"column":36},"end":{"line":9,"column":45}},"type":"default-arg","locations":[{"start":{"line":9,"column":43},"end":{"line":9,"column":45}}],"line":9},"1":{"loc":{"start":{"line":9,"column":47},"end":{"line":9,"column":57}},"type":"default-arg","locations":[{"start":{"line":9,"column":55},"end":{"line":9,"column":57}}],"line":9}},"s":{"0":1,"1":3,"2":1},"f":{"0":3},"b":{"0":[1],"1":[2]},"_coverageSchema":"1a1c01bbd47fc00a2c39e90264f33305004495a9","hash":"473d28f3a1056399a4de2062ee02416a74d40d57"}
,"/Users/samirs1/SamirS/Projects/SessionDemo/UnitTesting-22-06-23/Demo/src/screens/__mock__/index.ts": {"path":"/Users/samirs1/SamirS/Projects/SessionDemo/UnitTesting-22-06-23/Demo/src/screens/__mock__/index.ts","statementMap":{"0":{"start":{"line":1,"column":18},"end":{"line":5,"column":1}},"1":{"start":{"line":7,"column":21},"end":{"line":17,"column":1}}},"fnMap":{},"branchMap":{},"s":{"0":2,"1":2},"f":{},"b":{},"_coverageSchema":"1a1c01bbd47fc00a2c39e90264f33305004495a9","hash":"395951a2a896aa46005c1af642b59767bb969bff"}
,"/Users/samirs1/SamirS/Projects/SessionDemo/UnitTesting-22-06-23/Demo/src/screens/counter/index.tsx": {"path":"/Users/samirs1/SamirS/Projects/SessionDemo/UnitTesting-22-06-23/Demo/src/screens/counter/index.tsx","statementMap":{"0":{"start":{"line":4,"column":22},"end":{"line":26,"column":1}},"1":{"start":{"line":5,"column":28},"end":{"line":5,"column":39}},"2":{"start":{"line":7,"column":25},"end":{"line":9,"column":3}},"3":{"start":{"line":8,"column":4},"end":{"line":8,"column":24}},"4":{"start":{"line":11,"column":25},"end":{"line":13,"column":3}},"5":{"start":{"line":12,"column":4},"end":{"line":12,"column":24}},"6":{"start":{"line":15,"column":2},"end":{"line":25,"column":4}},"7":{"start":{"line":28,"column":15},"end":{"line":48,"column":2}}},"fnMap":{"0":{"name":"(anonymous_0)","decl":{"start":{"line":4,"column":22},"end":{"line":4,"column":23}},"loc":{"start":{"line":4,"column":28},"end":{"line":26,"column":1}},"line":4},"1":{"name":"(anonymous_1)","decl":{"start":{"line":7,"column":25},"end":{"line":7,"column":26}},"loc":{"start":{"line":7,"column":31},"end":{"line":9,"column":3}},"line":7},"2":{"name":"(anonymous_2)","decl":{"start":{"line":11,"column":25},"end":{"line":11,"column":26}},"loc":{"start":{"line":11,"column":31},"end":{"line":13,"column":3}},"line":11}},"branchMap":{},"s":{"0":1,"1":6,"2":6,"3":1,"4":6,"5":1,"6":6,"7":1},"f":{"0":6,"1":1,"2":1},"b":{},"_coverageSchema":"1a1c01bbd47fc00a2c39e90264f33305004495a9","hash":"8aba04814054737ef8995a76b4d47ffef91ed179"}
,"/Users/samirs1/SamirS/Projects/SessionDemo/UnitTesting-22-06-23/Demo/src/screens/list/index.tsx": {"path":"/Users/samirs1/SamirS/Projects/SessionDemo/UnitTesting-22-06-23/Demo/src/screens/list/index.tsx","statementMap":{"0":{"start":{"line":13,"column":36},"end":{"line":24,"column":1}},"1":{"start":{"line":14,"column":2},"end":{"line":23,"column":4}},"2":{"start":{"line":19,"column":10},"end":{"line":19,"column":48}},"3":{"start":{"line":26,"column":15},"end":{"line":33,"column":2}}},"fnMap":{"0":{"name":"(anonymous_0)","decl":{"start":{"line":13,"column":36},"end":{"line":13,"column":37}},"loc":{"start":{"line":13,"column":54},"end":{"line":24,"column":1}},"line":13},"1":{"name":"(anonymous_1)","decl":{"start":{"line":18,"column":19},"end":{"line":18,"column":20}},"loc":{"start":{"line":19,"column":10},"end":{"line":19,"column":48}},"line":19}},"branchMap":{"0":{"loc":{"start":{"line":13,"column":38},"end":{"line":13,"column":48}},"type":"default-arg","locations":[{"start":{"line":13,"column":46},"end":{"line":13,"column":48}}],"line":13}},"s":{"0":2,"1":7,"2":9,"3":2},"f":{"0":7,"1":9},"b":{"0":[2]},"_coverageSchema":"1a1c01bbd47fc00a2c39e90264f33305004495a9","hash":"d4561d35727a829906aff3b5bf4c18990aad004f"}
,"/Users/samirs1/SamirS/Projects/SessionDemo/UnitTesting-22-06-23/Demo/src/screens/login/index.tsx": {"path":"/Users/samirs1/SamirS/Projects/SessionDemo/UnitTesting-22-06-23/Demo/src/screens/login/index.tsx","statementMap":{"0":{"start":{"line":4,"column":20},"end":{"line":38,"column":1}},"1":{"start":{"line":5,"column":28},"end":{"line":5,"column":40}},"2":{"start":{"line":6,"column":34},"end":{"line":6,"column":46}},"3":{"start":{"line":7,"column":28},"end":{"line":7,"column":40}},"4":{"start":{"line":9,"column":22},"end":{"line":17,"column":3}},"5":{"start":{"line":10,"column":4},"end":{"line":16,"column":5}},"6":{"start":{"line":12,"column":6},"end":{"line":12,"column":19}},"7":{"start":{"line":15,"column":6},"end":{"line":15,"column":44}},"8":{"start":{"line":19,"column":2},"end":{"line":37,"column":4}},"9":{"start":{"line":40,"column":15},"end":{"line":59,"column":2}}},"fnMap":{"0":{"name":"(anonymous_0)","decl":{"start":{"line":4,"column":20},"end":{"line":4,"column":21}},"loc":{"start":{"line":4,"column":26},"end":{"line":38,"column":1}},"line":4},"1":{"name":"(anonymous_1)","decl":{"start":{"line":9,"column":22},"end":{"line":9,"column":23}},"loc":{"start":{"line":9,"column":28},"end":{"line":17,"column":3}},"line":9}},"branchMap":{"0":{"loc":{"start":{"line":10,"column":4},"end":{"line":16,"column":5}},"type":"if","locations":[{"start":{"line":10,"column":4},"end":{"line":16,"column":5}},{"start":{"line":13,"column":11},"end":{"line":16,"column":5}}],"line":10},"1":{"loc":{"start":{"line":10,"column":8},"end":{"line":10,"column":63}},"type":"binary-expr","locations":[{"start":{"line":10,"column":8},"end":{"line":10,"column":36}},{"start":{"line":10,"column":40},"end":{"line":10,"column":63}}],"line":10},"2":{"loc":{"start":{"line":35,"column":7},"end":{"line":35,"column":68}},"type":"binary-expr","locations":[{"start":{"line":35,"column":7},"end":{"line":35,"column":19}},{"start":{"line":35,"column":23},"end":{"line":35,"column":68}}],"line":35}},"s":{"0":1,"1":14,"2":14,"3":14,"4":14,"5":2,"6":1,"7":1,"8":14,"9":1},"f":{"0":14,"1":2},"b":{"0":[1,1],"1":[2,1],"2":[14,1]},"_coverageSchema":"1a1c01bbd47fc00a2c39e90264f33305004495a9","hash":"e3df67b44cd1b59047147759809636d9d223a574"}
,"/Users/samirs1/SamirS/Projects/SessionDemo/UnitTesting-22-06-23/Demo/src/screens/userlist/index.tsx": {"path":"/Users/samirs1/SamirS/Projects/SessionDemo/UnitTesting-22-06-23/Demo/src/screens/userlist/index.tsx","statementMap":{"0":{"start":{"line":5,"column":33},"end":{"line":32,"column":1}},"1":{"start":{"line":6,"column":34},"end":{"line":6,"column":60}},"2":{"start":{"line":8,"column":2},"end":{"line":18,"column":9}},"3":{"start":{"line":9,"column":26},"end":{"line":15,"column":5}},"4":{"start":{"line":10,"column":6},"end":{"line":14,"column":24}},"5":{"start":{"line":11,"column":25},"end":{"line":11,"column":66}},"6":{"start":{"line":12,"column":21},"end":{"line":12,"column":42}},"7":{"start":{"line":13,"column":8},"end":{"line":13,"column":37}},"8":{"start":{"line":17,"column":4},"end":{"line":17,"column":20}},"9":{"start":{"line":20,"column":2},"end":{"line":31,"column":4}},"10":{"start":{"line":34,"column":15},"end":{"line":41,"column":2}}},"fnMap":{"0":{"name":"(anonymous_0)","decl":{"start":{"line":5,"column":33},"end":{"line":5,"column":34}},"loc":{"start":{"line":5,"column":39},"end":{"line":32,"column":1}},"line":5},"1":{"name":"(anonymous_1)","decl":{"start":{"line":8,"column":12},"end":{"line":8,"column":13}},"loc":{"start":{"line":8,"column":18},"end":{"line":18,"column":3}},"line":8},"2":{"name":"(anonymous_2)","decl":{"start":{"line":9,"column":26},"end":{"line":9,"column":27}},"loc":{"start":{"line":9,"column":38},"end":{"line":15,"column":5}},"line":9}},"branchMap":{"0":{"loc":{"start":{"line":22,"column":7},"end":{"line":29,"column":7}},"type":"cond-expr","locations":[{"start":{"line":23,"column":8},"end":{"line":26,"column":15}},{"start":{"line":28,"column":8},"end":{"line":28,"column":31}}],"line":22}},"s":{"0":1,"1":4,"2":4,"3":3,"4":3,"5":3,"6":2,"7":1,"8":3,"9":4,"10":1},"f":{"0":4,"1":3,"2":3},"b":{"0":[1,3]},"_coverageSchema":"1a1c01bbd47fc00a2c39e90264f33305004495a9","hash":"fd66dad15fe57ba3e19c2eed657aaf3fda595d26"}
,"/Users/samirs1/SamirS/Projects/SessionDemo/UnitTesting-22-06-23/Demo/src/utils/example.ts": {"path":"/Users/samirs1/SamirS/Projects/SessionDemo/UnitTesting-22-06-23/Demo/src/utils/example.ts","statementMap":{"0":{"start":{"line":1,"column":28},"end":{"line":8,"column":1}},"1":{"start":{"line":2,"column":12},"end":{"line":2,"column":17}},"2":{"start":{"line":3,"column":2},"end":{"line":7,"column":3}},"3":{"start":{"line":4,"column":4},"end":{"line":4,"column":30}},"4":{"start":{"line":6,"column":4},"end":{"line":6,"column":15}},"5":{"start":{"line":10,"column":22},"end":{"line":12,"column":1}},"6":{"start":{"line":11,"column":2},"end":{"line":11,"column":17}}},"fnMap":{"0":{"name":"(anonymous_0)","decl":{"start":{"line":1,"column":28},"end":{"line":1,"column":29}},"loc":{"start":{"line":1,"column":62},"end":{"line":8,"column":1}},"line":1},"1":{"name":"(anonymous_1)","decl":{"start":{"line":10,"column":22},"end":{"line":10,"column":23}},"loc":{"start":{"line":10,"column":47},"end":{"line":12,"column":1}},"line":10}},"branchMap":{"0":{"loc":{"start":{"line":3,"column":2},"end":{"line":7,"column":3}},"type":"if","locations":[{"start":{"line":3,"column":2},"end":{"line":7,"column":3}},{"start":{"line":5,"column":9},"end":{"line":7,"column":3}}],"line":3}},"s":{"0":1,"1":2,"2":2,"3":1,"4":1,"5":1,"6":1},"f":{"0":2,"1":1},"b":{"0":[1,1]},"_coverageSchema":"1a1c01bbd47fc00a2c39e90264f33305004495a9","hash":"f8ec4acd74b78144042a76951f6862622eca6667"}
,"/Users/samirs1/SamirS/Projects/SessionDemo/UnitTesting-22-06-23/Demo/src/utils/index.ts": {"path":"/Users/samirs1/SamirS/Projects/SessionDemo/UnitTesting-22-06-23/Demo/src/utils/index.ts","statementMap":{"0":{"start":{"line":1,"column":19},"end":{"line":3,"column":1}},"1":{"start":{"line":2,"column":2},"end":{"line":2,"column":15}},"2":{"start":{"line":5,"column":32},"end":{"line":7,"column":1}},"3":{"start":{"line":6,"column":2},"end":{"line":6,"column":52}}},"fnMap":{"0":{"name":"(anonymous_0)","decl":{"start":{"line":1,"column":19},"end":{"line":1,"column":20}},"loc":{"start":{"line":1,"column":53},"end":{"line":3,"column":1}},"line":1},"1":{"name":"(anonymous_1)","decl":{"start":{"line":5,"column":32},"end":{"line":5,"column":33}},"loc":{"start":{"line":5,"column":57},"end":{"line":7,"column":1}},"line":5}},"branchMap":{},"s":{"0":1,"1":3,"2":1,"3":3},"f":{"0":3,"1":3},"b":{},"_coverageSchema":"1a1c01bbd47fc00a2c39e90264f33305004495a9","hash":"c38a3a170222a731d14d8c72abf861116a6442a0"}
}
