{"/Users/samirs1/SamirS/Projects/SessionDemo/UnitTesting-22-06-23/Demo/src/utils/example.ts": {"path":"/Users/samirs1/SamirS/Projects/SessionDemo/UnitTesting-22-06-23/Demo/src/utils/example.ts","statementMap":{"0":{"start":{"line":1,"column":28},"end":{"line":9,"column":1}},"1":{"start":{"line":2,"column":12},"end":{"line":2,"column":17}},"2":{"start":{"line":3,"column":2},"end":{"line":8,"column":3}},"3":{"start":{"line":5,"column":4},"end":{"line":5,"column":30}},"4":{"start":{"line":7,"column":4},"end":{"line":7,"column":15}},"5":{"start":{"line":10,"column":22},"end":{"line":12,"column":1}},"6":{"start":{"line":11,"column":2},"end":{"line":11,"column":17}}},"fnMap":{"0":{"name":"(anonymous_0)","decl":{"start":{"line":1,"column":28},"end":{"line":1,"column":29}},"loc":{"start":{"line":1,"column":62},"end":{"line":9,"column":1}},"line":1},"1":{"name":"(anonymous_1)","decl":{"start":{"line":10,"column":22},"end":{"line":10,"column":23}},"loc":{"start":{"line":10,"column":47},"end":{"line":12,"column":1}},"line":10}},"branchMap":{"0":{"loc":{"start":{"line":3,"column":2},"end":{"line":8,"column":3}},"type":"if","locations":[{"start":{"line":3,"column":2},"end":{"line":8,"column":3}},{"start":{"line":6,"column":9},"end":{"line":8,"column":3}}],"line":3}},"s":{"0":1,"1":2,"2":2,"3":1,"4":1,"5":1,"6":1},"f":{"0":2,"1":1},"b":{"0":[1,1]},"_coverageSchema":"1a1c01bbd47fc00a2c39e90264f33305004495a9","hash":"54b93f4f5ef814f55da2b3d96052a6d1637fef7e"}
}
